<?xml version="1.0" encoding="UTF-8"?>
<testng-results skipped="0" failed="0" total="2" passed="2">
  <reporter-output>
    <line>
      <![CDATA[Casual dress submenu does not found]]>
    </line>
  </reporter-output>
  <suite name="Default suite" duration-ms="71583" started-at="2015-06-28T07:15:22Z" finished-at="2015-06-28T07:16:34Z">
    <groups>
    </groups>
    <test name="Default test" duration-ms="71583" started-at="2015-06-28T07:15:22Z" finished-at="2015-06-28T07:16:34Z">
      <class name="sample.webtek.test.SanityTest1">
        <test-method status="PASS" signature="SetUp()[pri:0, instance:sample.webtek.test.SanityTest1@2a18f23c]" name="SetUp" is-config="true" duration-ms="24506" started-at="2015-06-28T12:44:58Z" finished-at="2015-06-28T12:45:22Z">
          <reporter-output>
          </reporter-output>
        </test-method> <!-- SetUp -->
        <test-method status="PASS" signature="userSignIn()[pri:0, instance:sample.webtek.test.SanityTest1@2a18f23c]" name="userSignIn" duration-ms="8033" started-at="2015-06-28T12:45:22Z" finished-at="2015-06-28T12:45:30Z">
          <reporter-output>
          </reporter-output>
        </test-method> <!-- userSignIn -->
        <test-method status="PASS" signature="ProductCheckOut()[pri:0, instance:sample.webtek.test.SanityTest1@2a18f23c]" name="ProductCheckOut" duration-ms="63520" started-at="2015-06-28T12:45:30Z" finished-at="2015-06-28T12:46:34Z">
          <reporter-output>
            <line>
              <![CDATA[Casual dress submenu does not found]]>
            </line>
          </reporter-output>
        </test-method> <!-- ProductCheckOut -->
        <test-method status="PASS" signature="tearDown()[pri:0, instance:sample.webtek.test.SanityTest1@2a18f23c]" name="tearDown" is-config="true" duration-ms="1522" started-at="2015-06-28T12:46:34Z" finished-at="2015-06-28T12:46:36Z">
          <reporter-output>
          </reporter-output>
        </test-method> <!-- tearDown -->
      </class> <!-- sample.webtek.test.SanityTest1 -->
    </test> <!-- Default test -->
  </suite> <!-- Default suite -->
</testng-results>
