<?xml version="1.0" encoding="UTF-8"?>
<testng-results skipped="0" failed="0" total="2" passed="2">
  <reporter-output>
    <line>
      <![CDATA[Casual dress submenu does not found]]>
    </line>
  </reporter-output>
  <suite name="Default suite" duration-ms="70060" started-at="2015-07-05T06:27:50Z" finished-at="2015-07-05T06:29:00Z">
    <groups>
    </groups>
    <test name="Default test" duration-ms="70060" started-at="2015-07-05T06:27:50Z" finished-at="2015-07-05T06:29:00Z">
      <class name="sample.webtek.test.SanityTest1">
        <test-method status="PASS" signature="SetUp()[pri:0, instance:sample.webtek.test.SanityTest1@2a18f23c]" name="SetUp" is-config="true" duration-ms="44725" started-at="2015-07-05T11:57:05Z" finished-at="2015-07-05T11:57:50Z">
          <reporter-output>
          </reporter-output>
        </test-method> <!-- SetUp -->
        <test-method status="PASS" signature="userSignIn()[pri:0, instance:sample.webtek.test.SanityTest1@2a18f23c]" name="userSignIn" duration-ms="6578" started-at="2015-07-05T11:57:50Z" finished-at="2015-07-05T11:57:56Z">
          <reporter-output>
          </reporter-output>
        </test-method> <!-- userSignIn -->
        <test-method status="PASS" signature="ProductCheckOut()[pri:0, instance:sample.webtek.test.SanityTest1@2a18f23c]" name="ProductCheckOut" duration-ms="63466" started-at="2015-07-05T11:57:56Z" finished-at="2015-07-05T11:59:00Z">
          <reporter-output>
            <line>
              <![CDATA[Casual dress submenu does not found]]>
            </line>
          </reporter-output>
        </test-method> <!-- ProductCheckOut -->
        <test-method status="PASS" signature="tearDown()[pri:0, instance:sample.webtek.test.SanityTest1@2a18f23c]" name="tearDown" is-config="true" duration-ms="1426" started-at="2015-07-05T11:59:00Z" finished-at="2015-07-05T11:59:01Z">
          <reporter-output>
          </reporter-output>
        </test-method> <!-- tearDown -->
      </class> <!-- sample.webtek.test.SanityTest1 -->
    </test> <!-- Default test -->
  </suite> <!-- Default suite -->
</testng-results>
